<?xml version="1.0" encoding="UTF-8"?>
<!-- Generated by org.testng.reporters.JUnitReportReporter -->
<testsuite skipped="0" hostname="DESKTOP-16OOORP" name="Pages.Offers" tests="1" failures="0" timestamp="2022-07-27T12:27:08 IST" time="11.403" errors="0">
  <testcase name="offetingDetails" time="11.403" classname="Pages.Offers"/>
  <system-out/>
</testsuite> <!-- Pages.Offers -->
