<?xml version="1.0" encoding="UTF-8"?>
<!-- Generated by org.testng.reporters.JUnitReportReporter -->
<testsuite skipped="0" hostname="DESKTOP-16OOORP" name="Pages.LoginPage" tests="1" failures="0" timestamp="2022-07-27T12:27:08 IST" time="8.389" errors="0">
  <testcase name="loginpage" time="8.389" classname="Pages.LoginPage"/>
  <system-out/>
</testsuite> <!-- Pages.LoginPage -->
